0 info it worked if it ends with ok
1 verbose cli [ '/usr/local/bin/node', '/usr/local/bin/npm', 'publish' ]
2 info using npm@3.6.0
3 info using node@v5.6.0
4 verbose publish [ '.' ]
5 silly cache add args [ '.', null ]
6 verbose cache add spec .
7 silly cache add parsed spec Result {
7 silly cache add   raw: '.',
7 silly cache add   scope: null,
7 silly cache add   name: null,
7 silly cache add   rawSpec: '.',
7 silly cache add   spec: '/home/echen/GigaGrid',
7 silly cache add   type: 'directory' }
8 verbose addLocalDirectory /home/echen/.npm/giga-grid/0.1.1/package.tgz not in flight; packing
9 verbose correctMkdir /home/echen/.npm correctMkdir not in flight; initializing
10 info lifecycle giga-grid@0.1.1~prepublish: giga-grid@0.1.1
11 silly lifecycle giga-grid@0.1.1~prepublish: no script for prepublish, continuing
12 verbose tar pack [ '/home/echen/.npm/giga-grid/0.1.1/package.tgz',
12 verbose tar pack   '/home/echen/GigaGrid' ]
13 verbose tarball /home/echen/.npm/giga-grid/0.1.1/package.tgz
14 verbose folder /home/echen/GigaGrid
15 verbose addLocalTarball adding from inside cache /home/echen/.npm/giga-grid/0.1.1/package.tgz
16 verbose correctMkdir /home/echen/.npm correctMkdir not in flight; initializing
17 silly cache afterAdd giga-grid@0.1.1
18 verbose afterAdd /home/echen/.npm/giga-grid/0.1.1/package/package.json not in flight; writing
19 verbose correctMkdir /home/echen/.npm correctMkdir not in flight; initializing
20 verbose afterAdd /home/echen/.npm/giga-grid/0.1.1/package/package.json written
21 silly publish { name: 'giga-grid',
21 silly publish   version: '0.1.1',
21 silly publish   description: 'Massively performant, multi-layered React.js table widget Written in TypeScript',
21 silly publish   main: 'dist/giga-grid.js',
21 silly publish   scripts:
21 silly publish    { clean: 'rm -rf ./build',
21 silly publish      styles: 'mkdirp ./build/src/styles && stylus ./src/styles -o ./build/src/styles',
21 silly publish      compile: 'npm run clean && tsc && npm run styles',
21 silly publish      build: 'npm run compile && webpack',
21 silly publish      test: 'npm run build && karma start karma2.conf.js --single-run',
21 silly publish      serve: 'npm run build && live-server --open=examples' },
21 silly publish   repository:
21 silly publish    { type: 'git',
21 silly publish      url: 'git+https://github.com/erfangc/GigaGrid.git' },
21 silly publish   keywords:
21 silly publish    [ 'react',
21 silly publish      'table',
21 silly publish      'typescript',
21 silly publish      'grid',
21 silly publish      'data',
21 silly publish      'pivot',
21 silly publish      'subtotal' ],
21 silly publish   dependencies: { react: '^0.14.6', 'react-dom': '^0.14.6' },
21 silly publish   author: { name: 'Erfang Chen' },
21 silly publish   license: 'MIT',
21 silly publish   bugs: { url: 'https://github.com/erfangc/GigaGrid/issues' },
21 silly publish   homepage: 'https://github.com/erfangc/GigaGrid#readme',
21 silly publish   devDependencies:
21 silly publish    { classnames: '^2.2.1',
21 silly publish      jquery: '^2.1.4',
21 silly publish      lodash: '^3.10.1',
21 silly publish      'css-loader': '^0.23.1',
21 silly publish      'file-loader': '^0.8.5',
21 silly publish      flux: '^2.1.1',
21 silly publish      'jasmine-core': '^2.4.1',
21 silly publish      jspm: '^0.16.19',
21 silly publish      karma: '^0.13.15',
21 silly publish      'karma-chrome-launcher': '^0.2.2',
21 silly publish      'karma-jasmine': '^0.3.6',
21 silly publish      'karma-jspm': '^2.0.2',
21 silly publish      'karma-phantomjs-launcher': '^0.2.1',
21 silly publish      'live-server': '^0.9.0',
21 silly publish      mkdirp: '^0.5.1',
21 silly publish      phantomjs: '^2.1.3',
21 silly publish      'phantomjs-polyfill': '0.0.2',
21 silly publish      'style-loader': '^0.13.0',
21 silly publish      stylus: '^0.53.0',
21 silly publish      typescript: '^1.7.5',
21 silly publish      'url-loader': '^0.5.7',
21 silly publish      webpack: '^1.12.11' },
21 silly publish   jspm:
21 silly publish    { dependencies:
21 silly publish       { classnames: 'npm:classnames@^2.2.1',
21 silly publish         flux: 'npm:flux@^2.1.1',
21 silly publish         'font-awesome': 'npm:font-awesome@^4.5.0',
21 silly publish         jquery: 'npm:jquery@^2.2.0',
21 silly publish         lodash: 'npm:lodash@^3.10.1',
21 silly publish         'phantomjs-polyfill': 'npm:phantomjs-polyfill@^0.0.1',
21 silly publish         react: 'npm:react@^0.14.6',
21 silly publish         'react-addons-test-utils': 'npm:react-addons-test-utils@^0.14.6',
21 silly publish         'react-dom': 'npm:react-dom@^0.14.6',
21 silly publish         text: 'github:systemjs/plugin-text@^0.0.4' },
21 silly publish      devDependencies:
21 silly publish       { babel: 'npm:babel-core@^5.8.24',
21 silly publish         'babel-runtime': 'npm:babel-runtime@^5.8.24',
21 silly publish         'core-js': 'npm:core-js@^1.1.4' } },
21 silly publish   readme: '# Demo\n\nSee the Grid in Action [Here](http://erfangc.github.io/GigaGrid/)\n\n![GigaGrd](https://raw.githubusercontent.com/erfangc/GigaGrid/master/giga-grid.png)\n\n# GigaGrid (Under Development) [![Build Status](https://travis-ci.org/erfangc/GigaGrid.svg?branch=master)](https://travis-ci.org/erfangc/GigaGrid)\n\nHigh performance, React.js table widget with Subtotals (Written in TypeScript)\n\n# Running the Examples\n\n```bash\nnpm install && jspm install\n\n# this should compile build and call webpack to bundle the project \nnpm run serve\n```\n\n# Developing\n\nPerform the following steps\n\n```bash\ngit clone https://github.com/erfangc/GigaGrid.git\n\ncd GigaGrid\n\nnpm install && jspm install\n```\n\nIf you are using an IDE that does not come with TypeScript bundled, install TypeScript globally\n\n```bash\nnpm install typescript -g\n```\n\nTo compile, simply run `tsc` (TypeScript compiler)\n\n```bash\n# this will automatically read configuration from tsconfig.json\ntsc\n\n# or watch for file changes with -w\ntsc -w\n```\n\nIf you are importing a `CommonJS` library, make sure you understand the difference between ES6 and `cjs` module specs\n\nSee:\n\n[Stackoverflow Explanation 1](http://stackoverflow.com/questions/34622598/typescript-importing-from-libraries-written-in-es5-vs-es6)\n\n[Stackoverflow Explanation 2](http://stackoverflow.com/questions/29596714/new-es6-syntax-for-importing-commonjs-amd-modules-i-e-import-foo-require)\n\n# Testing\n\nMake sure you install `karma` any plugins and `phantomjs` globally [More Info](http://phantomjs.org/)\n\n```bash\nnpm install phantomjs karma-phantomjs-launcher karma karma-jasmine karma-jspm -g\n\n# then at the project root run\nkarma start karma2.conf.js\n```\n\nAlternatively, you can run\n\n```bash\n# this will clean the build directory and re-compile all the source files\nnpm run test\n```\n',
21 silly publish   readmeFilename: 'README.md',
21 silly publish   gitHead: '7a79ea3ee2fda619f3721e47844cdb63f924f179',
21 silly publish   _id: 'giga-grid@0.1.1',
21 silly publish   _shasum: 'bcc63e155563c012775aeb25f6e0b6fbb2f39c85',
21 silly publish   _from: '.' }
22 verbose getPublishConfig undefined
23 silly mapToRegistry name giga-grid
24 silly mapToRegistry using default registry
25 silly mapToRegistry registry https://registry.npmjs.org/
26 silly mapToRegistry uri https://registry.npmjs.org/giga-grid
27 verbose publish registryBase https://registry.npmjs.org/
28 silly publish uploading /home/echen/.npm/giga-grid/0.1.1/package.tgz
29 verbose request uri https://registry.npmjs.org/giga-grid
30 verbose request sending authorization for write operation
31 info attempt registry request try #1 at 15:18:08
32 verbose request using bearer token for auth
33 verbose request id 895d07aa68630afd
34 http request PUT https://registry.npmjs.org/giga-grid
35 http 403 https://registry.npmjs.org/giga-grid
36 verbose headers { 'content-type': 'application/json',
36 verbose headers   'cache-control': 'max-age=300',
36 verbose headers   'content-length': '95',
36 verbose headers   'accept-ranges': 'bytes',
36 verbose headers   date: 'Tue, 15 Mar 2016 19:18:10 GMT',
36 verbose headers   via: '1.1 varnish',
36 verbose headers   connection: 'close',
36 verbose headers   'x-served-by': 'cache-jfk1025-JFK',
36 verbose headers   'x-cache': 'MISS',
36 verbose headers   'x-cache-hits': '0',
36 verbose headers   'x-timer': 'S1458069489.165851,VS0,VE900' }
37 verbose request invalidating /home/echen/.npm/registry.npmjs.org/giga-grid on PUT
38 error publish Failed PUT 403
39 verbose stack Error: "You cannot publish over the previously published version 0.1.1." : giga-grid
39 verbose stack     at makeError (/usr/local/lib/node_modules/npm/node_modules/npm-registry-client/lib/request.js:264:12)
39 verbose stack     at CachingRegistryClient.<anonymous> (/usr/local/lib/node_modules/npm/node_modules/npm-registry-client/lib/request.js:252:14)
39 verbose stack     at Request._callback (/usr/local/lib/node_modules/npm/node_modules/npm-registry-client/lib/request.js:172:14)
39 verbose stack     at Request.self.callback (/usr/local/lib/node_modules/npm/node_modules/request/request.js:198:22)
39 verbose stack     at emitTwo (events.js:100:13)
39 verbose stack     at Request.emit (events.js:185:7)
39 verbose stack     at Request.<anonymous> (/usr/local/lib/node_modules/npm/node_modules/request/request.js:1035:10)
39 verbose stack     at emitOne (events.js:95:20)
39 verbose stack     at Request.emit (events.js:182:7)
39 verbose stack     at IncomingMessage.<anonymous> (/usr/local/lib/node_modules/npm/node_modules/request/request.js:962:12)
40 verbose statusCode 403
41 verbose pkgid giga-grid
42 verbose cwd /home/echen/GigaGrid
43 error Linux 3.13.0-79-generic
44 error argv "/usr/local/bin/node" "/usr/local/bin/npm" "publish"
45 error node v5.6.0
46 error npm  v3.6.0
47 error code E403
48 error "You cannot publish over the previously published version 0.1.1." : giga-grid
49 error If you need help, you may report this error at:
49 error     <https://github.com/npm/npm/issues>
50 verbose exit [ 1, true ]
